<?xml version="1.0" encoding="UTF-8"?>
<coverage generated="1686962024051" clover="3.2.0">
  <project timestamp="1686962024052" name="All files">
    <metrics statements="20" coveredstatements="20" conditionals="2" coveredconditionals="2" methods="5" coveredmethods="5" elements="27" coveredelements="27" complexity="0" loc="20" ncloc="20" packages="3" files="11" classes="11"/>
    <package name="reto-inmobiliaria-IvanCa27-2">
      <metrics statements="3" coveredstatements="3" conditionals="0" coveredconditionals="0" methods="1" coveredmethods="1"/>
      <file name="App.tsx" path="D:\Bright Coders 2023\reto-inmobiliaria-IvanCa27-2\App.tsx">
        <metrics statements="3" coveredstatements="3" conditionals="0" coveredconditionals="0" methods="1" coveredmethods="1"/>
        <line num="5" count="1" type="stmt"/>
        <line num="6" count="1" type="stmt"/>
        <line num="72" count="1" type="stmt"/>
      </file>
    </package>
    <package name="reto-inmobiliaria-IvanCa27-2.src.assets">
      <metrics statements="8" coveredstatements="8" conditionals="0" coveredconditionals="0" methods="0" coveredmethods="0"/>
      <file name="area.png" path="D:\Bright Coders 2023\reto-inmobiliaria-IvanCa27-2\src\assets\area.png">
        <metrics statements="1" coveredstatements="1" conditionals="0" coveredconditionals="0" methods="0" coveredmethods="0"/>
        <line num="1" count="3" type="stmt"/>
      </file>
      <file name="bath.png" path="D:\Bright Coders 2023\reto-inmobiliaria-IvanCa27-2\src\assets\bath.png">
        <metrics statements="1" coveredstatements="1" conditionals="0" coveredconditionals="0" methods="0" coveredmethods="0"/>
        <line num="1" count="3" type="stmt"/>
      </file>
      <file name="bed.png" path="D:\Bright Coders 2023\reto-inmobiliaria-IvanCa27-2\src\assets\bed.png">
        <metrics statements="1" coveredstatements="1" conditionals="0" coveredconditionals="0" methods="0" coveredmethods="0"/>
        <line num="1" count="3" type="stmt"/>
      </file>
      <file name="colorHearth.png" path="D:\Bright Coders 2023\reto-inmobiliaria-IvanCa27-2\src\assets\colorHearth.png">
        <metrics statements="1" coveredstatements="1" conditionals="0" coveredconditionals="0" methods="0" coveredmethods="0"/>
        <line num="1" count="1" type="stmt"/>
      </file>
      <file name="hearth.png" path="D:\Bright Coders 2023\reto-inmobiliaria-IvanCa27-2\src\assets\hearth.png">
        <metrics statements="1" coveredstatements="1" conditionals="0" coveredconditionals="0" methods="0" coveredmethods="0"/>
        <line num="1" count="3" type="stmt"/>
      </file>
      <file name="hearthBackground.png" path="D:\Bright Coders 2023\reto-inmobiliaria-IvanCa27-2\src\assets\hearthBackground.png">
        <metrics statements="1" coveredstatements="1" conditionals="0" coveredconditionals="0" methods="0" coveredmethods="0"/>
        <line num="1" count="3" type="stmt"/>
      </file>
      <file name="location.png" path="D:\Bright Coders 2023\reto-inmobiliaria-IvanCa27-2\src\assets\location.png">
        <metrics statements="1" coveredstatements="1" conditionals="0" coveredconditionals="0" methods="0" coveredmethods="0"/>
        <line num="1" count="3" type="stmt"/>
      </file>
      <file name="star.png" path="D:\Bright Coders 2023\reto-inmobiliaria-IvanCa27-2\src\assets\star.png">
        <metrics statements="1" coveredstatements="1" conditionals="0" coveredconditionals="0" methods="0" coveredmethods="0"/>
        <line num="1" count="3" type="stmt"/>
      </file>
    </package>
    <package name="reto-inmobiliaria-IvanCa27-2.src.components">
      <metrics statements="9" coveredstatements="9" conditionals="2" coveredconditionals="2" methods="4" coveredmethods="4"/>
      <file name="PropertyItem.tsx" path="D:\Bright Coders 2023\reto-inmobiliaria-IvanCa27-2\src\components\PropertyItem.tsx">
        <metrics statements="6" coveredstatements="6" conditionals="2" coveredconditionals="2" methods="2" coveredmethods="2"/>
        <line num="4" count="3" type="stmt"/>
        <line num="5" count="14" type="stmt"/>
        <line num="7" count="14" type="stmt"/>
        <line num="8" count="14" type="stmt"/>
        <line num="48" count="1" type="stmt"/>
        <line num="67" count="3" type="stmt"/>
      </file>
      <file name="PropertysList.tsx" path="D:\Bright Coders 2023\reto-inmobiliaria-IvanCa27-2\src\components\PropertysList.tsx">
        <metrics statements="3" coveredstatements="3" conditionals="0" coveredconditionals="0" methods="2" coveredmethods="2"/>
        <line num="7" count="2" type="stmt"/>
        <line num="10" count="2" type="stmt"/>
        <line num="13" count="12" type="stmt"/>
      </file>
    </package>
  </project>
</coverage>
