{"D:\\Bright Coders 2023\\reto-inmobiliaria-IvanCa27-2\\App.tsx": {"path":"D:\\Bright Coders 2023\\reto-inmobiliaria-IvanCa27-2\\App.tsx","statementMap":{"0":{"start":{"line":5,"column":22},"end":{"line":73,"column":1}},"1":{"start":{"line":6,"column":33},"end":{"line":70,"column":3}},"2":{"start":{"line":72,"column":2},"end":{"line":72,"column":51}}},"fnMap":{"0":{"name":"(anonymous_0)","decl":{"start":{"line":5,"column":22},"end":{"line":5,"column":23}},"loc":{"start":{"line":5,"column":28},"end":{"line":73,"column":1}},"line":5}},"branchMap":{},"s":{"0":1,"1":1,"2":1},"f":{"0":1},"b":{},"_coverageSchema":"1a1c01bbd47fc00a2c39e90264f33305004495a9","hash":"c878070e73ed0ef5dd340994afc4dfbe947539b5"}
,"D:\\Bright Coders 2023\\reto-inmobiliaria-IvanCa27-2\\src\\assets\\area.png": {"path":"D:\\Bright Coders 2023\\reto-inmobiliaria-IvanCa27-2\\src\\assets\\area.png","statementMap":{"0":{"start":{"line":1,"column":0},"end":{"line":4,"column":6}}},"fnMap":{},"branchMap":{},"s":{"0":3},"f":{},"b":{},"_coverageSchema":"1a1c01bbd47fc00a2c39e90264f33305004495a9","hash":"5a8ed4781e8da5c2625cd41a82942cb94a2f7082"}
,"D:\\Bright Coders 2023\\reto-inmobiliaria-IvanCa27-2\\src\\assets\\bath.png": {"path":"D:\\Bright Coders 2023\\reto-inmobiliaria-IvanCa27-2\\src\\assets\\bath.png","statementMap":{"0":{"start":{"line":1,"column":0},"end":{"line":4,"column":6}}},"fnMap":{},"branchMap":{},"s":{"0":3},"f":{},"b":{},"_coverageSchema":"1a1c01bbd47fc00a2c39e90264f33305004495a9","hash":"9700f963495c0688bfb0d793b9ab823b444c6233"}
,"D:\\Bright Coders 2023\\reto-inmobiliaria-IvanCa27-2\\src\\assets\\bed.png": {"path":"D:\\Bright Coders 2023\\reto-inmobiliaria-IvanCa27-2\\src\\assets\\bed.png","statementMap":{"0":{"start":{"line":1,"column":0},"end":{"line":4,"column":6}}},"fnMap":{},"branchMap":{},"s":{"0":3},"f":{},"b":{},"_coverageSchema":"1a1c01bbd47fc00a2c39e90264f33305004495a9","hash":"24e93bf7b3136c86899d3ee3b6d3c23e863662e8"}
,"D:\\Bright Coders 2023\\reto-inmobiliaria-IvanCa27-2\\src\\assets\\colorHearth.png": {"path":"D:\\Bright Coders 2023\\reto-inmobiliaria-IvanCa27-2\\src\\assets\\colorHearth.png","statementMap":{"0":{"start":{"line":1,"column":0},"end":{"line":4,"column":6}}},"fnMap":{},"branchMap":{},"s":{"0":1},"f":{},"b":{},"_coverageSchema":"1a1c01bbd47fc00a2c39e90264f33305004495a9","hash":"c6014c510186b1e7c8ac3e362ccc15611e8747f3"}
,"D:\\Bright Coders 2023\\reto-inmobiliaria-IvanCa27-2\\src\\assets\\hearth.png": {"path":"D:\\Bright Coders 2023\\reto-inmobiliaria-IvanCa27-2\\src\\assets\\hearth.png","statementMap":{"0":{"start":{"line":1,"column":0},"end":{"line":4,"column":6}}},"fnMap":{},"branchMap":{},"s":{"0":3},"f":{},"b":{},"_coverageSchema":"1a1c01bbd47fc00a2c39e90264f33305004495a9","hash":"e75bac0b749c58a1acdb75c672aed0e8c2011ae8"}
,"D:\\Bright Coders 2023\\reto-inmobiliaria-IvanCa27-2\\src\\assets\\hearthBackground.png": {"path":"D:\\Bright Coders 2023\\reto-inmobiliaria-IvanCa27-2\\src\\assets\\hearthBackground.png","statementMap":{"0":{"start":{"line":1,"column":0},"end":{"line":4,"column":6}}},"fnMap":{},"branchMap":{},"s":{"0":3},"f":{},"b":{},"_coverageSchema":"1a1c01bbd47fc00a2c39e90264f33305004495a9","hash":"61d94b07053fd90ce88d6facc17df297b726dccb"}
,"D:\\Bright Coders 2023\\reto-inmobiliaria-IvanCa27-2\\src\\assets\\location.png": {"path":"D:\\Bright Coders 2023\\reto-inmobiliaria-IvanCa27-2\\src\\assets\\location.png","statementMap":{"0":{"start":{"line":1,"column":0},"end":{"line":4,"column":6}}},"fnMap":{},"branchMap":{},"s":{"0":3},"f":{},"b":{},"_coverageSchema":"1a1c01bbd47fc00a2c39e90264f33305004495a9","hash":"5fdd4f7355c1d5cb068dc8b375ca07f0ace66468"}
,"D:\\Bright Coders 2023\\reto-inmobiliaria-IvanCa27-2\\src\\assets\\star.png": {"path":"D:\\Bright Coders 2023\\reto-inmobiliaria-IvanCa27-2\\src\\assets\\star.png","statementMap":{"0":{"start":{"line":1,"column":0},"end":{"line":4,"column":6}}},"fnMap":{},"branchMap":{},"s":{"0":3},"f":{},"b":{},"_coverageSchema":"1a1c01bbd47fc00a2c39e90264f33305004495a9","hash":"9bb2599c09c8b809b75e0f3ee811dcf95047025b"}
,"D:\\Bright Coders 2023\\reto-inmobiliaria-IvanCa27-2\\src\\components\\PropertyItem.tsx": {"path":"D:\\Bright Coders 2023\\reto-inmobiliaria-IvanCa27-2\\src\\components\\PropertyItem.tsx","statementMap":{"0":{"start":{"line":4,"column":50},"end":{"line":65,"column":1}},"1":{"start":{"line":5,"column":48},"end":{"line":5,"column":63}},"2":{"start":{"line":7,"column":4},"end":{"line":7,"column":12}},"3":{"start":{"line":8,"column":2},"end":{"line":64,"column":4}},"4":{"start":{"line":48,"column":31},"end":{"line":48,"column":67}},"5":{"start":{"line":67,"column":15},"end":{"line":169,"column":2}}},"fnMap":{"0":{"name":"(anonymous_0)","decl":{"start":{"line":4,"column":50},"end":{"line":4,"column":51}},"loc":{"start":{"line":4,"column":66},"end":{"line":65,"column":1}},"line":4},"1":{"name":"(anonymous_1)","decl":{"start":{"line":48,"column":25},"end":{"line":48,"column":26}},"loc":{"start":{"line":48,"column":31},"end":{"line":48,"column":67}},"line":48}},"branchMap":{"0":{"loc":{"start":{"line":52,"column":20},"end":{"line":54,"column":55}},"type":"cond-expr","locations":[{"start":{"line":53,"column":24},"end":{"line":53,"column":60}},{"start":{"line":54,"column":24},"end":{"line":54,"column":55}}],"line":52}},"s":{"0":3,"1":14,"2":14,"3":14,"4":1,"5":3},"f":{"0":14,"1":1},"b":{"0":[1,13]},"_coverageSchema":"1a1c01bbd47fc00a2c39e90264f33305004495a9","hash":"a2db13439669e499b725aed32aa7e36e28ae9b2d"}
,"D:\\Bright Coders 2023\\reto-inmobiliaria-IvanCa27-2\\src\\components\\PropertysList.tsx": {"path":"D:\\Bright Coders 2023\\reto-inmobiliaria-IvanCa27-2\\src\\components\\PropertysList.tsx","statementMap":{"0":{"start":{"line":7,"column":52},"end":{"line":17,"column":1}},"1":{"start":{"line":10,"column":2},"end":{"line":16,"column":4}},"2":{"start":{"line":13,"column":8},"end":{"line":13,"column":56}}},"fnMap":{"0":{"name":"(anonymous_0)","decl":{"start":{"line":7,"column":52},"end":{"line":7,"column":53}},"loc":{"start":{"line":9,"column":6},"end":{"line":17,"column":1}},"line":9},"1":{"name":"(anonymous_1)","decl":{"start":{"line":12,"column":33},"end":{"line":12,"column":34}},"loc":{"start":{"line":13,"column":8},"end":{"line":13,"column":56}},"line":13}},"branchMap":{},"s":{"0":2,"1":2,"2":12},"f":{"0":2,"1":12},"b":{},"_coverageSchema":"1a1c01bbd47fc00a2c39e90264f33305004495a9","hash":"ca34c7b7c40bf9cb40c9aa45f65aa3e46f391d33"}
}
